-------------------------------------------------------------------------------
Test set: com.springsqlite.PlanificateurDeVoyageApplicationTests
-------------------------------------------------------------------------------
Tests run: 1, Failures: 0, Errors: 1, Skipped: 0, Time elapsed: 0.181 s <<< FAILURE! - in com.springsqlite.PlanificateurDeVoyageApplicationTests
com.springsqlite.PlanificateurDeVoyageApplicationTests  Time elapsed: 0.18 s  <<< ERROR!
java.lang.IllegalStateException: Unable to find a @SpringBootConfiguration, you need to use @ContextConfiguration or @SpringBootTest(classes=...) with your test

